t=2026-04-02T20:39:56+0530 lvl=info msg="no configuration paths supplied"
t=2026-04-02T20:39:56+0530 lvl=info msg="using configuration at default config path" path="C:\\Users\\DHFM Jagadeesh\\AppData\\Local/ngrok/ngrok.yml"
t=2026-04-02T20:39:56+0530 lvl=info msg="open config file" path="C:\\Users\\DHFM Jagadeesh\\AppData\\Local\\ngrok\\ngrok.yml" err=nil
t=2026-04-02T20:39:56+0530 lvl=info msg="FIPS 140 mode" enabled=false
t=2026-04-02T20:39:56+0530 lvl=info msg="starting web service" obj=web addr=127.0.0.1:4040 allow_hosts=[]
t=2026-04-02T20:39:57+0530 lvl=info msg="client session established" obj=tunnels.session
t=2026-04-02T20:39:57+0530 lvl=info msg="tunnel session started" obj=tunnels.session
t=2026-04-02T20:39:57+0530 lvl=info msg="update available" obj=updater
t=2026-04-02T20:39:57+0530 lvl=info msg="started tunnel" obj=tunnels name=command_line addr=http://localhost:3000 url=https://inordinately-irrespirable-collette.ngrok-free.dev
t=2026-04-02T23:08:56+0530 lvl=eror msg="heartbeat timeout, terminating session" obj=tunnels.session obj=csess id=7841547ca9d3 clientid=651763a01b1429ee9f1100e52b0126c6
t=2026-04-02T23:08:56+0530 lvl=eror msg="session closed, starting reconnect loop" obj=tunnels.session obj=csess id=36c9cbccc455 err="write tcp [2409:40f0:31ce:8905:40b0:b54f:799e:1ce6]:50997->[2406:da1a:e91:9300:d4f4:8948:9d02:5408]:443: wsasend: An established connection was aborted by the software in your host machine."
t=2026-04-02T23:08:56+0530 lvl=eror msg="failed to reconnect session" obj=tunnels.session err="failed to dial ngrok server with address \"connect.ngrok-agent.com:443\": dial tcp: lookup connect.ngrok-agent.com: no such host"
t=2026-04-02T23:08:57+0530 lvl=eror msg="failed to reconnect session" obj=tunnels.session err="failed to dial ngrok server with address \"connect.ngrok-agent.com:443\": dial tcp: lookup connect.ngrok-agent.com: no such host"
t=2026-04-02T23:08:58+0530 lvl=eror msg="failed to reconnect session" obj=tunnels.session err="failed to dial ngrok server with address \"connect.ngrok-agent.com:443\": dial tcp: lookup connect.ngrok-agent.com: no such host"
t=2026-04-02T23:09:00+0530 lvl=eror msg="failed to reconnect session" obj=tunnels.session err="failed to dial ngrok server with address \"connect.ngrok-agent.com:443\": dial tcp: lookup connect.ngrok-agent.com: no such host"
t=2026-04-02T23:09:04+0530 lvl=eror msg="failed to reconnect session" obj=tunnels.session err="failed to dial ngrok server with address \"connect.ngrok-agent.com:443\": dial tcp: lookup connect.ngrok-agent.com: no such host"
t=2026-04-02T23:09:12+0530 lvl=eror msg="failed to reconnect session" obj=tunnels.session err="failed to dial ngrok server with address \"connect.ngrok-agent.com:443\": dial tcp: lookup connect.ngrok-agent.com: no such host"
t=2026-04-02T23:09:29+0530 lvl=info msg="client session established" obj=tunnels.session
t=2026-04-02T23:09:29+0530 lvl=info msg="tunnel session started" obj=tunnels.session
t=2026-04-03T12:22:01+0530 lvl=eror msg="heartbeat timeout, terminating session" obj=tunnels.session obj=csess id=2a5439c70473 clientid=651763a01b1429ee9f1100e52b0126c6
t=2026-04-03T12:22:02+0530 lvl=warn msg="failed to check for update" obj=updater err="Post \"https://update.ngrok-agent.com/check\": dial tcp: lookup update.ngrok-agent.com: no such host"
t=2026-04-03T12:22:02+0530 lvl=eror msg="session closed, starting reconnect loop" obj=tunnels.session obj=csess id=36c9cbccc455 err="write tcp [2409:40f0:31ce:8905:9933:ce38:145b:98fb]:51023->[2406:da1a:e91:9300:403a:a280:b69a:91cf]:443: wsasend: An existing connection was forcibly closed by the remote host."
t=2026-04-03T12:22:02+0530 lvl=eror msg="failed to reconnect session" obj=tunnels.session err="failed to dial ngrok server with address \"connect.ngrok-agent.com:443\": dial tcp: lookup connect.ngrok-agent.com: no such host"
t=2026-04-03T12:22:02+0530 lvl=eror msg="failed to reconnect session" obj=tunnels.session err="failed to dial ngrok server with address \"connect.ngrok-agent.com:443\": dial tcp: lookup connect.ngrok-agent.com: no such host"
t=2026-04-03T12:22:03+0530 lvl=eror msg="failed to reconnect session" obj=tunnels.session err="failed to dial ngrok server with address \"connect.ngrok-agent.com:443\": dial tcp: lookup connect.ngrok-agent.com: no such host"
t=2026-04-03T12:22:05+0530 lvl=eror msg="failed to reconnect session" obj=tunnels.session err="failed to dial ngrok server with address \"connect.ngrok-agent.com:443\": dial tcp: lookup connect.ngrok-agent.com: no such host"
t=2026-04-03T12:22:09+0530 lvl=eror msg="failed to reconnect session" obj=tunnels.session err="failed to dial ngrok server with address \"connect.ngrok-agent.com:443\": dial tcp: lookup connect.ngrok-agent.com: no such host"
t=2026-04-03T12:22:17+0530 lvl=eror msg="failed to reconnect session" obj=tunnels.session err="failed to dial ngrok server with address \"connect.ngrok-agent.com:443\": dial tcp: lookup connect.ngrok-agent.com: no such host"
t=2026-04-03T12:22:33+0530 lvl=eror msg="failed to reconnect session" obj=tunnels.session err="failed to dial ngrok server with address \"connect.ngrok-agent.com:443\": dial tcp: lookup connect.ngrok-agent.com: no such host"
t=2026-04-03T12:23:04+0530 lvl=eror msg="failed to reconnect session" obj=tunnels.session err="failed to dial ngrok server with address \"connect.ngrok-agent.com:443\": dial tcp: lookup connect.ngrok-agent.com: no such host"
t=2026-04-03T12:23:35+0530 lvl=info msg="client session established" obj=tunnels.session
t=2026-04-03T12:23:35+0530 lvl=info msg="tunnel session started" obj=tunnels.session
t=2026-04-03T12:44:32+0530 lvl=eror msg="heartbeat timeout, terminating session" obj=tunnels.session obj=csess id=7698c5f28e32 clientid=651763a01b1429ee9f1100e52b0126c6
t=2026-04-03T12:44:33+0530 lvl=eror msg="session closed, starting reconnect loop" obj=tunnels.session obj=csess id=36c9cbccc455 err="read tcp [2409:40f0:31ce:8905:e9e1:3a3c:89fe:fb71]:55813->[2406:da1a:e91:9300:403a:a280:b69a:91cf]:443: wsarecv: An established connection was aborted by the software in your host machine."
t=2026-04-03T12:44:35+0530 lvl=info msg="client session established" obj=tunnels.session
t=2026-04-03T12:44:35+0530 lvl=info msg="tunnel session started" obj=tunnels.session
t=2026-04-03T13:40:39+0530 lvl=eror msg="heartbeat timeout, terminating session" obj=tunnels.session obj=csess id=18f25298c029 clientid=651763a01b1429ee9f1100e52b0126c6
t=2026-04-03T13:40:40+0530 lvl=eror msg="session closed, starting reconnect loop" obj=tunnels.session obj=csess id=36c9cbccc455 err="write tcp [2409:40f0:31ce:8905:e9e1:3a3c:89fe:fb71]:64976->[2406:da1a:e91:9302:5f2c:118e:bcf2:c8bb]:443: wsasend: An existing connection was forcibly closed by the remote host."
t=2026-04-03T13:40:42+0530 lvl=info msg="client session established" obj=tunnels.session
t=2026-04-03T13:40:42+0530 lvl=info msg="tunnel session started" obj=tunnels.session
